0 info it worked if it ends with ok
1 verbose cli [ 'node', '/usr/local/bin/npm', 'install', '-g', 'modulus' ]
2 info using npm@1.4.28
3 info using node@v0.10.32
4 verbose cache add [ 'modulus', null ]
5 verbose cache add name=undefined spec="modulus" args=["modulus",null]
6 verbose parsed url { protocol: null,
6 verbose parsed url   slashes: null,
6 verbose parsed url   auth: null,
6 verbose parsed url   host: null,
6 verbose parsed url   port: null,
6 verbose parsed url   hostname: null,
6 verbose parsed url   hash: null,
6 verbose parsed url   search: null,
6 verbose parsed url   query: null,
6 verbose parsed url   pathname: 'modulus',
6 verbose parsed url   path: 'modulus',
6 verbose parsed url   href: 'modulus' }
7 silly lockFile 7b42c9a5-modulus modulus
8 verbose lock modulus /Users/rodrigocisternas/.npm/7b42c9a5-modulus.lock
9 silly lockFile 7b42c9a5-modulus modulus
10 silly lockFile 7b42c9a5-modulus modulus
11 verbose addNamed [ 'modulus', '' ]
12 verbose addNamed [ null, '*' ]
13 silly lockFile f279123d-modulus modulus@
14 verbose lock modulus@ /Users/rodrigocisternas/.npm/f279123d-modulus.lock
15 silly addNameRange { name: 'modulus', range: '*', hasData: false }
16 verbose request where is /modulus
17 verbose request registry https://registry.npmjs.org/
18 verbose request id 326d1eb9d1f22b55
19 verbose url raw /modulus
20 verbose url resolving [ 'https://registry.npmjs.org/', './modulus' ]
21 verbose url resolved https://registry.npmjs.org/modulus
22 verbose request where is https://registry.npmjs.org/modulus
23 info trying registry request attempt 1 at 21:10:23
24 http GET https://registry.npmjs.org/modulus
25 http 200 https://registry.npmjs.org/modulus
26 silly registry.get cb [ 200,
26 silly registry.get   { date: 'Sun, 26 Oct 2014 00:10:25 GMT',
26 silly registry.get     server: 'CouchDB/1.5.0 (Erlang OTP/R16B03)',
26 silly registry.get     etag: '"7JU657KJ13ZQ74SAQGUNZSL9G"',
26 silly registry.get     'content-type': 'application/json',
26 silly registry.get     'cache-control': 'max-age=60',
26 silly registry.get     'content-length': '92154',
26 silly registry.get     'accept-ranges': 'bytes',
26 silly registry.get     via: '1.1 varnish',
26 silly registry.get     age: '0',
26 silly registry.get     'x-served-by': 'cache-atl6235-ATL',
26 silly registry.get     'x-cache': 'MISS',
26 silly registry.get     'x-cache-hits': '0',
26 silly registry.get     'x-timer': 'S1414282225.292958,VS0,VE30',
26 silly registry.get     vary: 'Accept',
26 silly registry.get     'keep-alive': 'timeout=10, max=50',
26 silly registry.get     connection: 'Keep-Alive' } ]
27 silly addNameRange number 2 { name: 'modulus', range: '*', hasData: true }
28 silly addNameRange versions [ 'modulus',
28 silly addNameRange   [ '0.0.1',
28 silly addNameRange     '0.0.2',
28 silly addNameRange     '0.0.3',
28 silly addNameRange     '0.0.4',
28 silly addNameRange     '0.0.5',
28 silly addNameRange     '0.1.0',
28 silly addNameRange     '0.1.1',
28 silly addNameRange     '0.1.2',
28 silly addNameRange     '0.1.3',
28 silly addNameRange     '0.1.4',
28 silly addNameRange     '0.1.5',
28 silly addNameRange     '0.1.6',
28 silly addNameRange     '0.1.7',
28 silly addNameRange     '0.1.8',
28 silly addNameRange     '0.1.9',
28 silly addNameRange     '0.1.10',
28 silly addNameRange     '0.1.11',
28 silly addNameRange     '0.1.12',
28 silly addNameRange     '0.1.13',
28 silly addNameRange     '0.1.14',
28 silly addNameRange     '0.1.14-2',
28 silly addNameRange     '0.1.15',
28 silly addNameRange     '0.1.16',
28 silly addNameRange     '0.1.17',
28 silly addNameRange     '0.1.18',
28 silly addNameRange     '0.2.0',
28 silly addNameRange     '0.2.1',
28 silly addNameRange     '0.2.2',
28 silly addNameRange     '0.2.2-1',
28 silly addNameRange     '0.2.2-2',
28 silly addNameRange     '0.2.3',
28 silly addNameRange     '0.3.0',
28 silly addNameRange     '0.3.1',
28 silly addNameRange     '0.4.0',
28 silly addNameRange     '0.5.0',
28 silly addNameRange     '0.5.1',
28 silly addNameRange     '0.6.2',
28 silly addNameRange     '0.6.3',
28 silly addNameRange     '1.0.0',
28 silly addNameRange     '1.0.1',
28 silly addNameRange     '1.0.2',
28 silly addNameRange     '1.0.3',
28 silly addNameRange     '1.1.0',
28 silly addNameRange     '1.1.1',
28 silly addNameRange     '1.2.0',
28 silly addNameRange     '1.2.1',
28 silly addNameRange     '1.2.2',
28 silly addNameRange     '2.0.0',
28 silly addNameRange     '2.0.1',
28 silly addNameRange     '2.0.2',
28 silly addNameRange     '2.1.0' ] ]
29 verbose addNamed [ 'modulus', '2.1.0' ]
30 verbose addNamed [ '2.1.0', '2.1.0' ]
31 silly lockFile 7b4a0ede-modulus-2-1-0 modulus@2.1.0
32 verbose lock modulus@2.1.0 /Users/rodrigocisternas/.npm/7b4a0ede-modulus-2-1-0.lock
33 silly lockFile dfe574cd-js-org-modulus-modulus-2-1-0-tgz https://registry.npmjs.org/modulus/-/modulus-2.1.0.tgz
34 verbose lock https://registry.npmjs.org/modulus/-/modulus-2.1.0.tgz /Users/rodrigocisternas/.npm/dfe574cd-js-org-modulus-modulus-2-1-0-tgz.lock
35 verbose addRemoteTarball [ 'https://registry.npmjs.org/modulus/-/modulus-2.1.0.tgz',
35 verbose addRemoteTarball   'ebea9e182c4ff947d40b73b18f1037eb48dac31d' ]
36 info retry fetch attempt 1 at 21:10:25
37 verbose fetch to= /var/folders/3w/21cn6qk55hg69qkc4p7crys00000gn/T/npm-44114-olSqQgQK/registry.npmjs.org/modulus/-/modulus-2.1.0.tgz
38 http GET https://registry.npmjs.org/modulus/-/modulus-2.1.0.tgz
39 http 200 https://registry.npmjs.org/modulus/-/modulus-2.1.0.tgz
40 silly lockFile dfe574cd-js-org-modulus-modulus-2-1-0-tgz https://registry.npmjs.org/modulus/-/modulus-2.1.0.tgz
41 silly lockFile dfe574cd-js-org-modulus-modulus-2-1-0-tgz https://registry.npmjs.org/modulus/-/modulus-2.1.0.tgz
42 silly lockFile 7b4a0ede-modulus-2-1-0 modulus@2.1.0
43 silly lockFile 7b4a0ede-modulus-2-1-0 modulus@2.1.0
44 silly lockFile f279123d-modulus modulus@
45 silly lockFile f279123d-modulus modulus@
46 silly resolved [ { name: 'modulus',
46 silly resolved     description: 'The command line interface for deploying applications to the Modulus hosting platform.',
46 silly resolved     keywords:
46 silly resolved      [ 'cli',
46 silly resolved        'modulus',
46 silly resolved        'hosting',
46 silly resolved        'cloud hosting',
46 silly resolved        'paas',
46 silly resolved        'platform-as-a-service',
46 silly resolved        'deployment',
46 silly resolved        'deploy',
46 silly resolved        'command line',
46 silly resolved        'modulusio' ],
46 silly resolved     version: '2.1.0',
46 silly resolved     author: { name: 'Modulus', email: 'feedback@modulus.io' },
46 silly resolved     maintainers: [ [Object], [Object], [Object], [Object] ],
46 silly resolved     repository:
46 silly resolved      { type: 'git',
46 silly resolved        url: 'https://github.com/onmodulus/modulus-cli.git' },
46 silly resolved     licenses: [ [Object] ],
46 silly resolved     dependencies:
46 silly resolved      { archiver: '0.4.x',
46 silly resolved        async: '0.1.x',
46 silly resolved        colors: '0.6.x',
46 silly resolved        'commander-plus': '0.0.x',
46 silly resolved        demeteorizer: '2.0.1',
46 silly resolved        'find-file-sync': '0.0.2',
46 silly resolved        'fs-tools': '~0.2.10',
46 silly resolved        'fstream-ignore': '0.0.x',
46 silly resolved        'node-uuid': '1.3.3',
46 silly resolved        pkginfo: '0.2.x',
46 silly resolved        progress: '0.1.x',
46 silly resolved        prompt: '0.2.x',
46 silly resolved        request: '2.27.x',
46 silly resolved        split: '0.3.0',
46 silly resolved        through: '2.3.4',
46 silly resolved        underscore: '1.4.x',
46 silly resolved        'update-notifier': '~0.1.7' },
46 silly resolved     devDependencies: { mocha: '1.5.x', express: '3.0.x' },
46 silly resolved     main: './lib/modulus',
46 silly resolved     bin: { modulus: './bin/modulus' },
46 silly resolved     preferGlobal: true,
46 silly resolved     engines: { node: '>= 0.8.0' },
46 silly resolved     gitHead: '1be7a4b9c82ea99bf0a59d4932e8ede40e7fdb7e',
46 silly resolved     bugs: { url: 'https://github.com/onmodulus/modulus-cli/issues' },
46 silly resolved     homepage: 'https://github.com/onmodulus/modulus-cli',
46 silly resolved     _id: 'modulus@2.1.0',
46 silly resolved     scripts: {},
46 silly resolved     _shasum: 'ebea9e182c4ff947d40b73b18f1037eb48dac31d',
46 silly resolved     _from: 'modulus@',
46 silly resolved     _npmVersion: '2.0.0',
46 silly resolved     _npmUser: { name: 'fiveisprime', email: 'matt@modulus.io' },
46 silly resolved     dist:
46 silly resolved      { shasum: 'ebea9e182c4ff947d40b73b18f1037eb48dac31d',
46 silly resolved        tarball: 'http://registry.npmjs.org/modulus/-/modulus-2.1.0.tgz' },
46 silly resolved     directories: {},
46 silly resolved     _resolved: 'https://registry.npmjs.org/modulus/-/modulus-2.1.0.tgz' } ]
47 info install modulus@2.1.0 into /usr/local/lib
48 info installOne modulus@2.1.0
49 verbose lib/node_modules/modulus unbuild
50 verbose tar unpack /Users/rodrigocisternas/.npm/modulus/2.1.0/package.tgz
51 silly lockFile c1af4ac7-r-local-lib-node-modules-modulus tar:///usr/local/lib/node_modules/modulus
52 verbose lock tar:///usr/local/lib/node_modules/modulus /Users/rodrigocisternas/.npm/c1af4ac7-r-local-lib-node-modules-modulus.lock
53 silly lockFile b41bdc9c-as-npm-modulus-2-1-0-package-tgz tar:///Users/rodrigocisternas/.npm/modulus/2.1.0/package.tgz
54 verbose lock tar:///Users/rodrigocisternas/.npm/modulus/2.1.0/package.tgz /Users/rodrigocisternas/.npm/b41bdc9c-as-npm-modulus-2-1-0-package-tgz.lock
55 silly gunzTarPerm modes [ '755', '644' ]
56 error Error: EACCES, mkdir '/usr/local/lib/node_modules/modulus'
56 error  { [Error: EACCES, mkdir '/usr/local/lib/node_modules/modulus']
56 error   errno: 3,
56 error   code: 'EACCES',
56 error   path: '/usr/local/lib/node_modules/modulus',
56 error   fstream_type: 'Directory',
56 error   fstream_path: '/usr/local/lib/node_modules/modulus',
56 error   fstream_class: 'DirWriter',
56 error   fstream_stack:
56 error    [ '/usr/local/lib/node_modules/npm/node_modules/fstream/lib/dir-writer.js:36:23',
56 error      '/usr/local/lib/node_modules/npm/node_modules/mkdirp/index.js:46:53',
56 error      'Object.oncomplete (fs.js:107:15)' ] }
57 error Please try running this command again as root/Administrator.
58 error System Darwin 14.0.0
59 error command "node" "/usr/local/bin/npm" "install" "-g" "modulus"
60 error cwd /Users/rodrigocisternas/meteor/achs-updated
61 error node -v v0.10.32
62 error npm -v 1.4.28
63 error path /usr/local/lib/node_modules/modulus
64 error fstream_path /usr/local/lib/node_modules/modulus
65 error fstream_type Directory
66 error fstream_class DirWriter
67 error code EACCES
68 error errno 3
69 error stack Error: EACCES, mkdir '/usr/local/lib/node_modules/modulus'
70 error fstream_stack /usr/local/lib/node_modules/npm/node_modules/fstream/lib/dir-writer.js:36:23
70 error fstream_stack /usr/local/lib/node_modules/npm/node_modules/mkdirp/index.js:46:53
70 error fstream_stack Object.oncomplete (fs.js:107:15)
71 verbose exit [ 3, true ]
